<?xml version="1.0" encoding="UTF-8"?>
<!-- Generated by org.testng.reporters.JUnitXMLReporter -->
<testsuite ignored="3" hostname="Machani-MASK" failures="0" tests="1" name="Default test" time="1.36" errors="0" timestamp="2024-02-29T20:05:08 IST">
  <testcase classname="com.ohrm.testcases.LoginPageTest" name="validateMultipleData" time="0.0">
    <skipped/>
  </testcase> <!-- validateMultipleData -->
  <testcase classname="com.ohrm.testcases.LoginPageTest" name="validateLogin" time="0.0">
    <ignored/>
  </testcase> <!-- validateLogin -->
  <testcase classname="com.ohrm.testcases.LoginPageTest" name="validateTitle" time="0.0">
    <ignored/>
  </testcase> <!-- validateTitle -->
  <testcase classname="com.ohrm.testcases.LoginPageTest" name="resetPassword" time="0.0">
    <ignored/>
  </testcase> <!-- resetPassword -->
</testsuite> <!-- Default test -->
